Virtuoso Framework License (111) was checked out successfully. Total checkout time was 0.05s.
*WARNING* The directory: '/users/ugrad2/2014/fall/mdruiz/eecs119/myLib' does not exist
	but was defined in libFile '/users/ugrad2/2014/fall/mdruiz/eecs119/cds.lib' for Lib 'myLib'.
*WARNING* (icLic-3) Could not get license Virtuoso_Layout_Suite_L
*WARNING* (icLic-21) License Virtuoso_Layout_Suite_L ("Layout L") is not available to run Layout L.
Trying to check out the license Virtuoso_Layout_Suite_XL ("Layout XL") instead.
*WARNING* (icLic-3) Could not get license Virtuoso_Layout_Suite_XL
*WARNING* (icLic-21) License Virtuoso_Layout_Suite_XL ("Layout XL") is not available to run Layout L.
Trying to check out the license Virtuoso_Layout_Suite_GXL ("Layout GXL") instead.
*INFO* (icLic-25) License Virtuoso_Layout_Suite_GXL ("Layout GXL") was used to run Layout L.

Running simulation in directory: "/users/ugrad2/2014/fall/mdruiz/eecs119/LVS".

*WARNING* (loadContext): could not restore method, undefined generic _parModeOnRunStart _mspsModeExt

*WARNING* (loadContext): could not restore method, undefined generic _parModeGetFingerNames _mspsModeExt

*WARNING* (loadContext): could not restore method, undefined generic _parModeGetMfactorNames _mspsModeExt

*WARNING* (loadContext): could not restore method, undefined generic _parModeCreateMappedParams _mspsModeExt

*WARNING* (loadContext): could not restore method, undefined generic _parModeMapDeviceParams _mspsModeExt

*WARNING* (loadContext): could not restore method, undefined generic _parModeRebindDeviceParams _mspsModeExt

*WARNING* (loadContext): could not restore method, undefined generic _parModeUpdateDesignVariables _mspsModeExt

*WARNING* (loadContext): could not restore method, undefined generic _parModeRebindDUTs _mspsModeExt

*WARNING* (loadContext): could not restore method, undefined generic _parModeOnPostCreateHistory _mspsModeExt

*WARNING* (loadContext): could not restore method, undefined generic _parModeOnPreCreateHistory _mspsModeExt

*WARNING* (loadContext): could not restore method, undefined generic _parModeOnPreRun _mspsModeExt

*WARNING* (loadContext): could not restore method, undefined generic _parModeOnExit _mspsModeExt

*WARNING* (loadContext): could not restore method, undefined generic _parModeRestoreVarsParams _mspsModeExt

*WARNING* (loadContext): could not restore method, undefined generic _parModeDisableRedundantVarParams _mspsModeExt

*WARNING* (loadContext): could not restore method, undefined generic _parModeOnEntry _mspsModeExt

*WARNING* (loadContext): could not restore method, undefined generic _parModeAllowSwitch _mspsModeExt

*WARNING* (loadContext): could not restore method, undefined generic _parModeSetup _mspsModeExt

*WARNING* (loadContext): could not restore method, undefined generic _parModeSetParView _mspsModeExt

*WARNING* (loadContext): could not restore method, undefined generic _parModeSetSchView _mspsModeExt

*WARNING* (loadContext): could not restore method, undefined generic _parModeGetParView _mspsModeExt

*WARNING* (loadContext): could not restore method, undefined generic _parModeGetSchView _mspsModeExt

*WARNING* (loadContext): could not restore method, undefined generic _parModeBuildParViewHelp _mspsModeExt

*WARNING* (loadContext): could not restore method, undefined generic _parModeBuildParView _mspsModeExt

*WARNING* (loadContext): could not restore method, undefined generic _parModeLayUseEst _mspsModeLay

*WARNING* (loadContext): could not restore method, undefined generic _parModeLayUseSpef _mspsModeLay

*WARNING* (loadContext): could not restore method, undefined generic _parModeBuildEst _mspsModeLay

*WARNING* (loadContext): could not restore method, undefined generic _parModeBuildParView _mspsModeLay

*WARNING* (loadContext): could not restore method, undefined generic _parModeGetFingerNames _mspsModeLay

*WARNING* (loadContext): could not restore method, undefined generic _parModeGetMfactorNames _mspsModeLay

*WARNING* (loadContext): could not restore method, undefined generic _parModeGetLdeTool _mspsModeLay

*WARNING* (loadContext): could not restore method, undefined generic _parModeGetLdeSource _mspsModeLay

*WARNING* (loadContext): could not restore method, undefined generic _parModeGetRefNet _mspsModeLay

*WARNING* (loadContext): could not restore method, undefined generic _parModeGetCorner _mspsModeLay

*WARNING* (loadContext): could not restore method, undefined generic _parModeGetLayoutView _mspsModeLay

*WARNING* (loadContext): could not restore method, undefined generic _parModeGetLayoutCell _mspsModeLay

*WARNING* (loadContext): could not restore method, undefined generic _parModeGetLayoutLib _mspsModeLay

*WARNING* (loadContext): could not restore method, undefined generic _parModeGetIgnoreDummy _mspsModeLay

*WARNING* (loadContext): could not restore method, undefined generic _parModeGetExpandSchDevices _mspsModeLay

*WARNING* (loadContext): could not restore method, undefined generic _parModeGetIncludeDevParasitics _mspsModeLay

*WARNING* (loadContext): could not restore method, undefined generic _parModeGetIncludeLdeParameters _mspsModeLay

*WARNING* (loadContext): could not restore method, undefined generic _parModeGetIncludeLayParasitics _mspsModeLay

*WARNING* (loadContext): could not restore method, undefined generic _parModeGetIncludeSchEstimates _mspsModeLay

*WARNING* (loadContext): could not restore method, undefined generic _parModeSetup _mspsModeLay

*WARNING* (loadContext): could not restore method, undefined generic _parModeSetParView _mspsModeLay

*WARNING* (loadContext): could not restore method, undefined generic _parModeSetSchView _mspsModeLay

*WARNING* (loadContext): could not restore method, undefined generic _parModeGetParView _mspsModeLay

*WARNING* (loadContext): could not restore method, undefined generic _parModeGetSchView _mspsModeLay

*WARNING* (loadContext): could not restore method, undefined generic _parModeBuildEst _mspsModeSchEst

*WARNING* (loadContext): could not restore method, undefined generic _parModeBuildParView _mspsModeSchEst

*WARNING* (loadContext): could not restore method, undefined generic _parModeGetFingerNames _mspsModeSchEst

*WARNING* (loadContext): could not restore method, undefined generic _parModeGetMfactorNames _mspsModeSchEst

*WARNING* (loadContext): could not restore method, undefined generic _parModeGetLdeTool _mspsModeSchEst

*WARNING* (loadContext): could not restore method, undefined generic _parModeGetLdeSource _mspsModeSchEst

*WARNING* (loadContext): could not restore method, undefined generic _parModeGetIncludeSchEstimates _mspsModeSchEst

*WARNING* (loadContext): could not restore method, undefined generic _parModeAllowSwitch _mspsModeSchEst

*WARNING* (loadContext): could not restore method, undefined generic _parModeSetup _mspsModeSchEst

*WARNING* (loadContext): could not restore method, undefined generic _parModeSetParView _mspsModeSchEst

*WARNING* (loadContext): could not restore method, undefined generic _parModeSetSchView _mspsModeSchEst

*WARNING* (loadContext): could not restore method, undefined generic _parModeGetParView _mspsModeSchEst

*WARNING* (loadContext): could not restore method, undefined generic _parModeGetSchView _mspsModeSchEst

*WARNING* (loadContext): could not restore method, undefined generic _parEstBuildGetNoParasiticsWarnClass _mspsLayBuild

*WARNING* (loadContext): could not restore method, undefined generic _parEstBuildGetMissingRefNetErrClass _mspsLayBuild

*WARNING* (loadContext): could not restore method, undefined generic _parEstBuildViewName _mspsEstBuild

*WARNING* (loadContext): could not restore method, undefined generic _parEstBuildCellName _mspsEstBuild

*WARNING* (loadContext): could not restore method, undefined generic _parEstBuildLibName _mspsEstBuild

*WARNING* (loadContext): could not restore method, undefined generic _parMsgReport _mspsMsgReporter

*WARNING* The directory: '/users/ugrad2/2014/fall/mdruiz/eecs119/myLib' does not exist
	but was defined in libFile '/users/ugrad2/2014/fall/mdruiz/eecs119/cds.lib' for Lib 'myLib'.


Begin netlist:    Dec  9 18:03:41 2016
	view name list	= ("auLvs" "extracted" "schematic")
	stop name list	= ("auLvs")
	library name	= "Proj4"
	cell name	= "up_down_Counter"
	view name	= "extracted"
	globals lib	= "basic"
Running Artist Flat Netlisting ...
*WARNING* Parameter 'lxUseCell' already exists.
End netlist:    Dec  9 18:03:42 2016

Moving original netlist to extNetlist
Removing parasitic components from netlist
	presistors removed:  0
	pcapacitors removed: 0
	pinductors removed:  0
	pdiodes removed:     0
	trans lines removed: 0
	131 nodes merged into 131 nodes


Begin netlist:    Dec  9 18:03:42 2016
	view name list	= ("auLvs" "schematic")
	stop name list	= ("auLvs")
	library name	= "Proj4"
	cell name	= "up_down_Counter"
	view name	= "schematic"
	globals lib	= "basic"
Running Artist Flat Netlisting ...
*WARNING* (icLic-3) Could not get license Virtuoso_Layout_Suite_L
*WARNING* (icLic-21) License Virtuoso_Layout_Suite_L ("Layout L") is not available to run Layout L.
Trying to check out the license Virtuoso_Layout_Suite_XL ("Layout XL") instead.
*WARNING* (icLic-3) Could not get license Virtuoso_Layout_Suite_XL
*WARNING* (icLic-21) License Virtuoso_Layout_Suite_XL ("Layout XL") is not available to run Layout L.
Trying to check out the license Virtuoso_Layout_Suite_GXL ("Layout GXL") instead.
*INFO* (icLic-25) License Virtuoso_Layout_Suite_GXL ("Layout GXL") was used to run Layout L.
*WARNING* Parameter 'lxUseCell' already exists.
End netlist:    Dec  9 18:03:42 2016

Moving original netlist to extNetlist
Removing parasitic components from netlist
	presistors removed:  0
	pcapacitors removed: 0
	pinductors removed:  0
	pdiodes removed:     0
	trans lines removed: 0
	325 nodes merged into 325 nodes

Running netlist comparison program:  LVS
Begin comparison:    Dec  9 18:03:43 2016
@(#)$CDS: LVS version 6.1.6 09/01/2015 15:36 (sjfnl125) $

The net-lists match.

                             layout  schematic
                                instances
        un-matched              0       0      
        rewired                 0       0      
        size errors             0       0      
        pruned                  0       0      
        active                  254     254    
        total                   254     254    

                                  nets
        un-matched              0       0      
        merged                  0       0      
        pruned                  0       0      
        active                  131     131    
        total                   131     131    

                                terminals
        un-matched              0       0      
        matched but
        different type          0       0      
        total                   8       8      
End comparison:      Dec  9 18:03:43 2016
*WARNING* (icLic-3) Could not get license Virtuoso_Layout_Suite_L
*WARNING* (icLic-21) License Virtuoso_Layout_Suite_L ("Layout L") is not available to run Layout L.
Trying to check out the license Virtuoso_Layout_Suite_XL ("Layout XL") instead.
*WARNING* (icLic-3) Could not get license Virtuoso_Layout_Suite_XL
*WARNING* (icLic-21) License Virtuoso_Layout_Suite_XL ("Layout XL") is not available to run Layout L.
Trying to check out the license Virtuoso_Layout_Suite_GXL ("Layout GXL") instead.
*INFO* (icLic-25) License Virtuoso_Layout_Suite_GXL ("Layout GXL") was used to run Layout L.


Comparison program completed successfully.
