\o Program:		@(#)$CDS: libManager version 6.1.6 - CAT33 07/09/2015 16:03 (sjfnl890) $
\o Sub version:		sub-version  s018 
\o Arguments:		-mpssession virtuoso7428 -mpshost zuma.eecs.uci.edu 
\o Working Directory:	zuma.eecs.uci.edu:/users/ugrad2/2014/fall/mdruiz/eecs119
\o Qt version: 		4.7.2
\o Log file is "/users/ugrad2/2014/fall/mdruiz/eecs119/libManager.log".
\o Opening libManager window.
\a nrSetCurrentWindow(cdsLibManager)
\a nrResizeWindow(cdsLibManager list(8 31 1362 705))
\o changeWorkingDir("/users/ugrad2/2014/fall/mdruiz/eecs119") unnecessary.
\o ddSetForcedLib("") unnecessary.
\o MPS service: map window
\w Warning: The directory: '/users/ugrad2/2014/fall/mdruiz/eecs119/myLib' does not exist
\w 	but was defined in libFile '/users/ugrad2/2014/fall/mdruiz/eecs119/cds.lib' for Lib 'myLib'.
\o Library Manager customization server connected.
\a cdsLibManager->libListBox->value = "Proj4"
\a cdsLibManager->libLineEdit->value = "Proj4"
\a cdsLibManager->cellListBox->value = "up_down_Counter"
\a cdsLibManager->cellListBox->value = "up_down_Counter_test"
\a cdsLibManager->cellLineEdit->value = "up_down_Counter_test"
\a cdsLibManager->viewListBox->value = "config"
\a cdsLibManager->viewLineEdit->value = "config"
\o MPS request: edit design
\a nrListItemAction(cdsLibManager->gdmXTView 0 0)
\a nrSetCurrentWindow(cdsLibManager)
\a cdsLibManager->libListBox->value = nil
\a cdsLibManager->cellListBox->value = nil
\a cdsLibManager->viewLineEdit->value = ""
\a cdsLibManager->viewListBox->value = nil
\a cdsLibManager->cellLineEdit->value = ""
\a cdsLibManager->libLineEdit->value = ""
\w Warning: The directory: '/users/ugrad2/2014/fall/mdruiz/eecs119/myLib' does not exist
\w 	but was defined in libFile '/users/ugrad2/2014/fall/mdruiz/eecs119/cds.lib' for Lib 'myLib'.
\a cdsLibManager->libListBox->value = "Proj4"
\a cdsLibManager->libLineEdit->value = "Proj4"
\a cdsLibManager->cellListBox->value = "up_down_Counter_test"
\a cdsLibManager->cellLineEdit->value = "up_down_Counter_test"
\a cdsLibManager->viewListBox->value = "config"
\a cdsLibManager->viewLineEdit->value = "config"
\a cdsLibManager->viewLineEdit->value = ""
\a cdsLibManager->viewListBox->value = nil
\a cdsLibManager->viewListBox->value = "config"
\a cdsLibManager->viewLineEdit->value = "config"
\a nrSetCurrentWindow(cdsLibManager)
\a nrSetCurrentWindow(cdsLibManager)
\a nrSetCurrentWindow(cdsLibManager)
\a nrResizeWindow(cdsLibManager list(0 0 1362 705))
\a nrSetCurrentWindow(cdsLibManager)
\a nrResizeWindow(cdsLibManager list(8 31 1362 705))
\a cdsLibManager->cellListBox->value = "test"
\a cdsLibManager->viewLineEdit->value = ""
\a cdsLibManager->viewListBox->value = nil
\a cdsLibManager->cellListBox->value = "up_down_Counter"
\a cdsLibManager->cellLineEdit->value = "up_down_Counter"
\a cdsLibManager->viewListBox->value = "schematic"
\a cdsLibManager->viewLineEdit->value = "schematic"
\o MPS request: edit design
\a nrListItemAction(cdsLibManager->gdmXTView 4 0)
\a nrSetCurrentWindow(cdsLibManager)
\a cdsLibManager->viewListBox->value = "layout"
\a cdsLibManager->viewLineEdit->value = "layout"
\o MPS request: edit design
\a nrListItemAction(cdsLibManager->gdmXTView 3 0)
\a nrSetCurrentWindow(cdsLibManager)
\a nrSetCurrentWindow(cdsLibManager)
\a nrSetCurrentWindow(cdsLibManager)
\a nrSetCurrentWindow(cdsLibManager)
\a nrSetCurrentWindow(cdsLibManager)
\a nrSetCurrentWindow(cdsLibManager)
\a _lmgrCloseIconify("cdsLibManager" 1)
\a nrResizeWindow(cdsLibManager list(0 0 1362 705))
\a nrSetCurrentWindow(cdsLibManager)
\a nrSetCurrentWindow(cdsLibManager)
\a nrSetCurrentWindow(cdsLibManager)
\a nrSetCurrentWindow(cdsLibManager)
\a nrSetCurrentWindow(cdsLibManager)
\o MPS service: shutdown
\o libManager is exiting.
\a nrSetWindowVisibility(cdsLibManager "hide")
\a exit(0)
